<?xml version="1.0" encoding="UTF-8"?>
<testsuite xmlns:xsi="http://www.w3.org/2001/XMLSchema-instance" xsi:noNamespaceSchemaLocation="https://maven.apache.org/surefire/maven-surefire-plugin/xsd/surefire-test-report-3.0.xsd" version="3.0" name="stepDeff.TestRunner" time="51.775" tests="1" errors="0" skipped="0" failures="0">
  <properties>
[...]
</properties>
  <testcase name="runScenario[&quot;user able to generate vouchar payment;&quot;, &quot;vouchar functionality;&quot;](1)" classname="stepDeff.TestRunner" time="47.847">
    <system-out><![CDATA[
@Manohar
Scenario Outline: user able to generate vouchar payment;             &amp#27;[90m# FeatureFiles/vouchar.feature:18&amp#27;[0m
*************BeforeScenario****************
  &amp#27;[32mGiven &amp#27;[0m&amp#27;[32mIf user is on home page;&amp#27;[0m                                     &amp#27;[90m# stepDeff.LoginDef.if_user_is_on_home_page()&amp#27;[0m
  &amp#27;[32mWhen &amp#27;[0m&amp#27;[32mClick on login link;&amp#27;[0m                                          &amp#27;[90m# stepDeff.LoginDef.click_on_login_link()&amp#27;[0m
  &amp#27;[32mAnd &amp#27;[0m&amp#27;[32mEnter The username As &amp#27;[0m&amp#27;[32m&amp#27;[1m"demo"&amp#27;[0m&amp#27;[32m and password as &amp#27;[0m&amp#27;[32m&amp#27;[1m"1234"&amp#27;[0m&amp#27;[32m;&amp#27;[0m           &amp#27;[90m# stepDeff.LoginDef.enter_the_username_as_and_password_as(java.lang.String,java.lang.String)&amp#27;[0m
  &amp#27;[32mAnd &amp#27;[0m&amp#27;[32mclick on the voucher link;&amp#27;[0m                                     &amp#27;[90m# stepDeff.VoucharsDiff.click_on_the_voucher_link()&amp#27;[0m
  &amp#27;[32mAnd &amp#27;[0m&amp#27;[32mclick on the Business Directory link;&amp#27;[0m                          &amp#27;[90m# stepDeff.VoucharsDiff.click_on_the_business_directory_link()&amp#27;[0m
  &amp#27;[32mAnd &amp#27;[0m&amp#27;[32mEnter the business directorys details;&amp#27;[0m                         &amp#27;[90m# stepDeff.VoucharsDiff.enter_the_business_directorys_details()&amp#27;[0m
  &amp#27;[32mAnd &amp#27;[0m&amp#27;[32menter the Keywords as a" <Ann's Cafe>";&amp#27;[0m                        &amp#27;[90m# stepDeff.VoucharsDiff.enter_the_keywords_as_a_ann_s_cafe()&amp#27;[0m
  &amp#27;[32mAnd &amp#27;[0m&amp#27;[32mclick on the make payment link;&amp#27;[0m                                &amp#27;[90m# stepDeff.VoucharsDiff.click_on_the_make_payment_link()&amp#27;[0m
  &amp#27;[32mAnd &amp#27;[0m&amp#27;[32mEnter the amount as &amp#27;[0m&amp#27;[32m&amp#27;[1m"<1200>"&amp#27;[0m&amp#27;[32m;&amp#27;[0m                                  &amp#27;[90m# stepDeff.VoucharsDiff.enter_the_amount_as(java.lang.String)&amp#27;[0m
  &amp#27;[32mAnd &amp#27;[0m&amp#27;[32menter the Payment user details and Discript as &amp#27;[0m&amp#27;[32m&amp#27;[1m"<hi manohar>"&amp#27;[0m&amp#27;[32m;&amp#27;[0m &amp#27;[90m# stepDeff.VoucharsDiff.enter_the_payment_user_details_and_discript_as(java.lang.String)&amp#27;[0m
************After Scenario******************
]]></system-out>
    <system-err><![CDATA[SLF4J: Failed to load class "org.slf4j.impl.StaticLoggerBinder".
SLF4J: Defaulting to no-operation (NOP) logger implementation
SLF4J: See http://www.slf4j.org/codes.html#StaticLoggerBinder for further details.
Sep 27, 2023 12:03:05 PM org.openqa.selenium.remote.service.DriverService$Builder getLogOutput
INFO: Driver logs no longer sent to console by default; https://www.selenium.dev/documentation/webdriver/drivers/service/#setting-log-output
ERROR StatusLogger Log4j2 could not find a logging implementation. Please add log4j-core to the classpath. Using SimpleLogger to log to the console...
Sep 27, 2023 12:03:10 PM org.openqa.selenium.devtools.CdpVersionFinder findNearestMatch
WARNING: Unable to find CDP implementation matching 117
Sep 27, 2023 12:03:10 PM org.openqa.selenium.chromium.ChromiumDriver lambda$new$4
WARNING: Unable to find version of CDP to use for . You may need to include a dependency on a specific version of the CDP using something similar to `org.seleniumhq.selenium:selenium-devtools-v86:4.9.0` where the version ("v86") matches the version of the chromium-based browser you're using and the version number of the artifact is the same as Selenium's.
Sep 27, 2023 12:03:52 PM org.openqa.selenium.remote.http.WebSocket$Listener onError
WARNING: Connection reset
java.net.SocketException: Connection reset
	at java.base/sun.nio.ch.SocketChannelImpl.throwConnectionReset(SocketChannelImpl.java:394)
	at java.base/sun.nio.ch.SocketChannelImpl.read(SocketChannelImpl.java:426)
	at io.netty.buffer.PooledByteBuf.setBytes(PooledByteBuf.java:256)
	at io.netty.buffer.AbstractByteBuf.writeBytes(AbstractByteBuf.java:1132)
	at io.netty.channel.socket.nio.NioSocketChannel.doReadBytes(NioSocketChannel.java:357)
	at io.netty.channel.nio.AbstractNioByteChannel$NioByteUnsafe.read(AbstractNioByteChannel.java:151)
	at io.netty.channel.nio.NioEventLoop.processSelectedKey(NioEventLoop.java:788)
	at io.netty.channel.nio.NioEventLoop.processSelectedKeysOptimized(NioEventLoop.java:724)
	at io.netty.channel.nio.NioEventLoop.processSelectedKeys(NioEventLoop.java:650)
	at io.netty.channel.nio.NioEventLoop.run(NioEventLoop.java:562)
	at io.netty.util.concurrent.SingleThreadEventExecutor$4.run(SingleThreadEventExecutor.java:997)
	at io.netty.util.internal.ThreadExecutorMap$2.run(ThreadExecutorMap.java:74)
	at io.netty.util.concurrent.FastThreadLocalRunnable.run(FastThreadLocalRunnable.java:30)
	at java.base/java.lang.Thread.run(Thread.java:833)

]]></system-err>
  </testcase>
</testsuite>