<?xml version="1.0" encoding="UTF-8"?>
<testng-results ignored="0" total="1" passed="1" failed="0" skipped="0">
  <reporter-output>
  </reporter-output>
  <suite started-at="2024-01-02T23:21:37 IST" name="Default suite" finished-at="2024-01-02T23:22:03 IST" duration-ms="26707">
    <groups>
      <group name="cucumber">
        <method signature="AbstractTestNGCucumberTests.runScenario(io.cucumber.testng.PickleWrapper,io.cucumber.testng.FeatureWrapper)[pri:0, instance:stepDiff.TestRunner@3d285d7e]" name="runScenario" class="io.cucumber.testng.AbstractTestNGCucumberTests"/>
      </group> <!-- cucumber -->
    </groups>
    <test started-at="2024-01-02T23:21:37 IST" name="Default test" finished-at="2024-01-02T23:22:03 IST" duration-ms="26707">
      <class name="stepDiff.TestRunner">
        <test-method is-config="true" signature="setUpClass(org.testng.ITestContext)[pri:0, instance:stepDiff.TestRunner@3d285d7e]" started-at="2024-01-02T23:21:37 IST" name="setUpClass" finished-at="2024-01-02T23:21:38 IST" duration-ms="1162" status="PASS">
          <params>
            <param index="0">
              <value>
                <![CDATA[org.testng.TestRunner@326e0b8e]]>
              </value>
            </param>
          </params>
          <reporter-output>
          </reporter-output>
        </test-method> <!-- setUpClass -->
        <test-method signature="runScenario(io.cucumber.testng.PickleWrapper,io.cucumber.testng.FeatureWrapper)[pri:0, instance:stepDiff.TestRunner@3d285d7e]" started-at="2024-01-02T23:21:38 IST" name="runScenario" description="Runs Cucumber Scenarios" data-provider="scenarios" finished-at="2024-01-02T23:22:03 IST" duration-ms="25369" status="PASS">
          <params>
            <param index="0">
              <value>
                <![CDATA["verify the user is able to Sighnup valid credential Details"]]>
              </value>
            </param>
            <param index="1">
              <value>
                <![CDATA["SignUp Functionality"]]>
              </value>
            </param>
          </params>
          <reporter-output>
          </reporter-output>
        </test-method> <!-- runScenario -->
        <test-method is-config="true" signature="tearDownClass()[pri:0, instance:stepDiff.TestRunner@3d285d7e]" started-at="2024-01-02T23:22:03 IST" name="tearDownClass" finished-at="2024-01-02T23:22:03 IST" duration-ms="99" status="PASS">
          <reporter-output>
          </reporter-output>
        </test-method> <!-- tearDownClass -->
      </class> <!-- stepDiff.TestRunner -->
    </test> <!-- Default test -->
  </suite> <!-- Default suite -->
</testng-results>
